The system is: Windows - 10.0.19042 - AMD64
Compiling the C compiler identification source file "CMakeCCompilerId.c" succeeded.
Compiler: C:/Program Files (x86)/Microsoft Visual Studio/2019/Community/VC/Tools/MSVC/14.29.30133/bin/Hostx86/x86/cl.exe 
Build flags: 
Id flags:  

The output was:
0
用于 x86 的 Microsoft (R) C/C++ 优化编译器 19.29.30136 版
版权所有(C) Microsoft Corporation。保留所有权利。

CMakeCCompilerId.c
Microsoft (R) Incremental Linker Version 14.29.30136.0
Copyright (C) Microsoft Corporation.  All rights reserved.

/out:CMakeCCompilerId.exe 
CMakeCCompilerId.obj 


Compilation of the C compiler identification source "CMakeCCompilerId.c" produced "CMakeCCompilerId.exe"

Compilation of the C compiler identification source "CMakeCCompilerId.c" produced "CMakeCCompilerId.obj"

The C compiler identification is MSVC, found in "C:/L/YoungAndCrazy/cmakeProject/cmakeLearn/Project/source/base/3. hello_install/cmake-build-debug/CMakeFiles/3.20.2/CompilerIdC/CMakeCCompilerId.exe"

Compiling the CXX compiler identification source file "CMakeCXXCompilerId.cpp" succeeded.
Compiler: C:/Program Files (x86)/Microsoft Visual Studio/2019/Community/VC/Tools/MSVC/14.29.30133/bin/Hostx86/x86/cl.exe 
Build flags: 
Id flags:  

The output was:
0
用于 x86 的 Microsoft (R) C/C++ 优化编译器 19.29.30136 版
版权所有(C) Microsoft Corporation。保留所有权利。

CMakeCXXCompilerId.cpp
Microsoft (R) Incremental Linker Version 14.29.30136.0
Copyright (C) Microsoft Corporation.  All rights reserved.

/out:CMakeCXXCompilerId.exe 
CMakeCXXCompilerId.obj 


Compilation of the CXX compiler identification source "CMakeCXXCompilerId.cpp" produced "CMakeCXXCompilerId.exe"

Compilation of the CXX compiler identification source "CMakeCXXCompilerId.cpp" produced "CMakeCXXCompilerId.obj"

The CXX compiler identification is MSVC, found in "C:/L/YoungAndCrazy/cmakeProject/cmakeLearn/Project/source/base/3. hello_install/cmake-build-debug/CMakeFiles/3.20.2/CompilerIdCXX/CMakeCXXCompilerId.exe"

Determining if the C compiler works passed with the following output:
Change Dir: C:/L/YoungAndCrazy/cmakeProject/cmakeLearn/Project/source/base/3. hello_install/cmake-build-debug/CMakeFiles/CMakeTmp

Run Build Command(s):nmake -f Makefile /nologo cmTC_4b0bc\fast && 	"C:\Program Files (x86)\Microsoft Visual Studio\2019\Community\VC\Tools\MSVC\14.29.30133\bin\HostX86\x86\nmake.exe"  -f CMakeFiles\cmTC_4b0bc.dir\build.make /nologo -L                  CMakeFiles\cmTC_4b0bc.dir\build
Building C object CMakeFiles/cmTC_4b0bc.dir/testCCompiler.c.obj
	"C:\Program Files\JetBrains\CLion 2021.2.2\bin\cmake\win\bin\cmake.exe" -E cmake_cl_compile_depends --dep-file=CMakeFiles\cmTC_4b0bc.dir\testCCompiler.c.obj.d --working-dir="C:\L\YoungAndCrazy\cmakeProject\cmakeLearn\Project\source\base\3. hello_install\cmake-build-debug\CMakeFiles\CMakeTmp" --filter-prefix="" -- C:\PROGRA~2\MIB055~1\2019\COMMUN~1\VC\Tools\MSVC\1429~1.301\bin\Hostx86\x86\cl.exe @C:\Users\yuan\AppData\Local\Temp\nm59DE.tmp
Linking C executable cmTC_4b0bc.exe
	"C:\Program Files\JetBrains\CLion 2021.2.2\bin\cmake\win\bin\cmake.exe" -E vs_link_exe --intdir=CMakeFiles\cmTC_4b0bc.dir --rc=C:\PROGRA~2\WI3CF2~1\10\bin\100190~1.0\x86\rc.exe --mt=C:\PROGRA~2\WI3CF2~1\10\bin\100190~1.0\x86\mt.exe --manifests -- C:\PROGRA~2\MIB055~1\2019\COMMUN~1\VC\Tools\MSVC\1429~1.301\bin\Hostx86\x86\link.exe /nologo @CMakeFiles\cmTC_4b0bc.dir\objects1.rsp @C:\Users\yuan\AppData\Local\Temp\nm5AAA.tmp



Determining if the CXX compiler works passed with the following output:
Change Dir: C:/L/YoungAndCrazy/cmakeProject/cmakeLearn/Project/source/base/3. hello_install/cmake-build-debug/CMakeFiles/CMakeTmp

Run Build Command(s):nmake -f Makefile /nologo cmTC_1b978\fast && 	"C:\Program Files (x86)\Microsoft Visual Studio\2019\Community\VC\Tools\MSVC\14.29.30133\bin\HostX86\x86\nmake.exe"  -f CMakeFiles\cmTC_1b978.dir\build.make /nologo -L                  CMakeFiles\cmTC_1b978.dir\build
Building CXX object CMakeFiles/cmTC_1b978.dir/testCXXCompiler.cxx.obj
	"C:\Program Files\JetBrains\CLion 2021.2.2\bin\cmake\win\bin\cmake.exe" -E cmake_cl_compile_depends --dep-file=CMakeFiles\cmTC_1b978.dir\testCXXCompiler.cxx.obj.d --working-dir="C:\L\YoungAndCrazy\cmakeProject\cmakeLearn\Project\source\base\3. hello_install\cmake-build-debug\CMakeFiles\CMakeTmp" --filter-prefix="" -- C:\PROGRA~2\MIB055~1\2019\COMMUN~1\VC\Tools\MSVC\1429~1.301\bin\Hostx86\x86\cl.exe @C:\Users\yuan\AppData\Local\Temp\nm5E05.tmp
Linking CXX executable cmTC_1b978.exe
	"C:\Program Files\JetBrains\CLion 2021.2.2\bin\cmake\win\bin\cmake.exe" -E vs_link_exe --intdir=CMakeFiles\cmTC_1b978.dir --rc=C:\PROGRA~2\WI3CF2~1\10\bin\100190~1.0\x86\rc.exe --mt=C:\PROGRA~2\WI3CF2~1\10\bin\100190~1.0\x86\mt.exe --manifests -- C:\PROGRA~2\MIB055~1\2019\COMMUN~1\VC\Tools\MSVC\1429~1.301\bin\Hostx86\x86\link.exe /nologo @CMakeFiles\cmTC_1b978.dir\objects1.rsp @C:\Users\yuan\AppData\Local\Temp\nm5ED1.tmp



